Hit:1 http://archive.ubuntu.com/ubuntu jammy InRelease
Hit:2 http://security.ubuntu.com/ubuntu jammy-security InRelease
Hit:3 http://archive.ubuntu.com/ubuntu jammy-updates InRelease
Hit:4 https://developer.download.nvidia.com/compute/cuda/repos/ubuntu2204/x86_64  InRelease
Hit:5 http://archive.ubuntu.com/ubuntu jammy-backports InRelease
Reading package lists...
Reading package lists...
Building dependency tree...
Reading state information...
build-essential is already the newest version (12.9ubuntu3).
curl is already the newest version (7.81.0-1ubuntu1.21).
git is already the newest version (1:2.34.1-1ubuntu1.15).
python3 is already the newest version (3.10.6-1~22.04.1).
rsync is already the newest version (3.2.7-0ubuntu0.22.04.4).
python3-venv is already the newest version (3.10.6-1~22.04.1).
0 upgraded, 0 newly installed, 0 to remove and 46 not upgraded.
Using CPython 3.11.14
Creating virtual environment at: .venv
warning: A virtual environment already exists at `.venv`. In the future, uv will require `--clear` to replace it
Activate with: source .venv/bin/activate
Audited 1 package in 75ms
Audited 16 packages in 132ms
Cloning into '/opt/mera/_deps/MERA'...
Submodule 'lm-evaluation-harness' (https://github.com/MERA-Evaluation/lm-evaluation-harness.git) registered for path 'lm-evaluation-harness'
Cloning into '/opt/mera/_deps/MERA/lm-evaluation-harness'...
Submodule path 'lm-evaluation-harness': checked out '84a8fdae9efeeb6ce9db259e02e4f14ec05b13fc'
Setup complete.

Next steps:
  source "/opt/mera/.venv/bin/activate"
  source "/opt/mera/env.sh"

Smoke tests:
  python mera/scripts/sft.py --limit 200 --epochs 1 --batch-size 1 --grad-accum 8
  python mera/scripts/grpo.py --limit 100 --num-generations 1 --max-new-tokens 32 --fast
